<?xml version="1.0" encoding="UTF-8"?>
<testng-results total="1" passed="1" failed="0" skipped="0">
  <reporter-output>
  </reporter-output>
  <suite started-at="2020-04-26T10:30:11Z" name="Suite" finished-at="2020-04-26T10:30:57Z" duration-ms="46088">
    <groups>
    </groups>
    <test started-at="2020-04-26T10:30:11Z" name="Test" finished-at="2020-04-26T10:30:57Z" duration-ms="46088">
      <class name="testcasepckg1.HomePage">
        <test-method signature="BasePageNaviation()[pri:0, instance:testcasepckg1.HomePage@ba54932]" started-at="2020-04-26T16:00:11Z" name="BasePageNaviation" finished-at="2020-04-26T16:00:57Z" duration-ms="46088" status="PASS">
          <reporter-output>
          </reporter-output>
        </test-method> <!-- BasePageNaviation -->
      </class> <!-- testcasepckg1.HomePage -->
    </test> <!-- Test -->
  </suite> <!-- Suite -->
</testng-results>
