<?xml version="1.0" encoding="UTF-8"?>
<testng-results total="1" passed="1" failed="0" skipped="0">
  <reporter-output>
  </reporter-output>
  <suite started-at="2020-04-18T15:01:57Z" name="Default suite" finished-at="2020-04-18T15:03:01Z" duration-ms="63914">
    <groups>
    </groups>
    <test started-at="2020-04-18T15:01:57Z" name="Default test" finished-at="2020-04-18T15:03:01Z" duration-ms="63914">
      <class name="testcasepckg1.HomePage">
        <test-method signature="BasePageNaviation()[pri:0, instance:testcasepckg1.HomePage@e15b7e8]" started-at="2020-04-18T20:31:57Z" name="BasePageNaviation" finished-at="2020-04-18T20:33:01Z" duration-ms="63898" status="PASS">
          <reporter-output>
          </reporter-output>
        </test-method> <!-- BasePageNaviation -->
      </class> <!-- testcasepckg1.HomePage -->
    </test> <!-- Default test -->
  </suite> <!-- Default suite -->
</testng-results>
